<?xml version="1.0" encoding="UTF-8"?>
<!-- Generated by org.testng.reporters.JUnitReportReporter -->
<testsuite hostname="PC-PABLO" failures="0" tests="1" name="demo.DemoAnnotations" time="0.012" errors="0" timestamp="2021-09-27T17:23:03 ART" skipped="0">
  <testcase classname="demo.DemoAnnotations" name="softAssert" time="0.012"/>
  <system-out/>
</testsuite> <!-- demo.DemoAnnotations -->
