<?xml version="1.0" encoding="UTF-8"?>
<!-- Generated by org.testng.reporters.JUnitReportReporter -->
<testsuite hostname="PC-PABLO" failures="0" tests="2" name="demo.ConfigurationAnnotations" time="0.007" errors="0" timestamp="2021-09-26T14:38:11 ART" skipped="0">
  <testcase classname="demo.ConfigurationAnnotations" name="searchProduct" time="0.001"/>
  <system-out/>
  <testcase classname="demo.ConfigurationAnnotations" name="searchCustomer" time="0.006"/>
  <system-out/>
</testsuite> <!-- demo.ConfigurationAnnotations -->
